2026-02-14: Project initialization started. Papers analyzed and scaffold created.
2026-02-14: Core engine implemented (orchestrator + programmer/operator agents + iteration loop).
2026-02-14: CLI and local HTTP server implemented and smoke-validated.
2026-02-14: Unit smoke tests passed (3/3). MVP criteria satisfied.
2026-02-14: Zero-Ask policy added and persisted for all agent roles.
2026-02-14: Added context hygiene quality gate and bootstrap scan in iteration preflight.
2026-02-14: Expanded smoke tests to 6/6 including policy and gate checks.
2026-02-14 03:30:34Z Iteration 1 parallel skipped: no pending features
2026-02-14: Added parallel-team iteration mode that coexists with role-based execution.
2026-02-14: Added CLI/API parallel entry points and safety gating via parallel_safe flag.
2026-02-14: Expanded smoke tests to 8/8 including parallel execution paths.
2026-02-14 03:51:28Z Iteration 2 skipped: no pending features
2026-02-14 03:51:28Z Project loop finished mode=single iterations=1 reason=all_features_passed
2026-02-14: Added project-level continuous loop runner with explicit stop-decision engine.
2026-02-14: Added browser validation module (playwright/http/system backends) and CLI/API endpoints.
2026-02-14: Added paper-backed design mapping in RESEARCH_PAPERS.md.
2026-02-14: Expanded smoke tests to 12/12 including loop-stop and browser validation coverage.
2026-02-14 03:54:54Z Iteration 3 parallel skipped: no pending features
2026-02-14 03:54:54Z Project loop finished mode=parallel iterations=1 reason=all_features_passed
2026-02-14: Added OSWorld action runner (playwright/desktop/http) with CLI/API entry points.
2026-02-14: Added auto-handoff trigger and summary snapshots to reduce context rot.
2026-02-14: Expanded smoke tests for handoff and OSWorld dry-run behavior.
2026-02-14 03:56:34Z Iteration 4 skipped: no pending features
2026-02-14 03:56:34Z Project loop finished mode=single iterations=1 reason=all_features_passed
2026-02-14 04:24:56Z Iteration 5 skipped: no pending features
2026-02-14 04:24:56Z Project loop finished mode=single iterations=1 reason=all_features_passed
2026-02-14: Finalized OSWorld mode policy fields and CLI/API command plumbing.
2026-02-14: Finalized auto-handoff summary generation and reporting in project loop output.
2026-02-14 04:29:33Z Iteration 6 skipped: no pending features
2026-02-14 04:29:33Z Project loop finished mode=single iterations=1 reason=all_features_passed
